<?xml version="1.0" encoding="UTF-8"?>
<!-- Generated by org.testng.reporters.JUnitReportReporter -->
<testsuite hostname="DESKTOP-I50C56H" failures="0" tests="2" name="com.testscenarios.ReadExcel" time="1.991" errors="0" timestamp="2023-06-14T01:28:17 IST" skipped="0">
  <testcase classname="com.testscenarios.ReadExcel" name="readExcel" time="1.883"/>
  <system-out/>
  <testcase classname="com.testscenarios.ReadExcel" name="readExcel2" time="0.108"/>
  <system-out/>
</testsuite> <!-- com.testscenarios.ReadExcel -->
