<?xml version="1.0" encoding="UTF-8"?>
<!-- Generated by org.testng.reporters.JUnitReportReporter -->
<testsuite hostname="DESKTOP-I50C56H" failures="0" tests="3" name="com.testscenarios.ReadExcel" time="2.305" errors="0" timestamp="2023-06-14T22:30:44 IST" skipped="0">
  <testcase classname="com.testscenarios.ReadExcel" name="readExcel" time="1.852"/>
  <system-out/>
  <testcase classname="com.testscenarios.ReadExcel" name="readExcel2" time="0.095"/>
  <system-out/>
  <testcase classname="com.testscenarios.ReadExcel" name="write" time="0.358"/>
  <system-out/>
</testsuite> <!-- com.testscenarios.ReadExcel -->
